[debug] [2022-11-01T15:38:20.282Z] ----------------------------------------------------------------------
[debug] [2022-11-01T15:38:20.283Z] Command:       C:\Program Files\nodejs\node.exe C:\Users\Hind\AppData\Roaming\npm\node_modules\firebase-tools\lib\bin\firebase.js init
[debug] [2022-11-01T15:38:20.284Z] CLI Version:   11.15.0
[debug] [2022-11-01T15:38:20.284Z] Platform:      win32
[debug] [2022-11-01T15:38:20.284Z] Node Version:  v16.17.1
[debug] [2022-11-01T15:38:20.285Z] Time:          Tue Nov 01 2022 16:38:20 GMT+0100 (GMT+02:00)
[debug] [2022-11-01T15:38:20.285Z] ----------------------------------------------------------------------
[debug] 
[debug] [2022-11-01T15:38:20.295Z] > command requires scopes: ["email","openid","https://www.googleapis.com/auth/cloudplatformprojects.readonly","https://www.googleapis.com/auth/firebase","https://www.googleapis.com/auth/cloud-platform"]
[debug] [2022-11-01T15:38:20.296Z] > authorizing via signed-in user (hindjanati6@gmail.com)
[info] 
     ######## #### ########  ######## ########     ###     ######  ########
     ##        ##  ##     ## ##       ##     ##  ##   ##  ##       ##
     ######    ##  ########  ######   ########  #########  ######  ######
     ##        ##  ##    ##  ##       ##     ## ##     ##       ## ##
     ##       #### ##     ## ######## ########  ##     ##  ######  ########

You're about to initialize a Firebase project in this directory:

  D:\Etude\angular projects\XO\ng-xo-game

[info] 
=== Project Setup
[info] 
[info] First, let's associate this project directory with a Firebase project.
[info] You can create multiple project aliases by running firebase use --add, 
[info] but for now we'll just set up a default project.
[info] 
[debug] [2022-11-01T15:38:26.809Z] >>> [apiv2][query] GET https://firebase.googleapis.com/v1beta1/projects pageSize=100
[debug] [2022-11-01T15:38:27.353Z] <<< [apiv2][status] GET https://firebase.googleapis.com/v1beta1/projects 200
[debug] [2022-11-01T15:38:27.353Z] <<< [apiv2][body] GET https://firebase.googleapis.com/v1beta1/projects [omitted]
[info] i  Using project ng-xo-game (ng-xo-game) 
[info] 
=== Hosting Setup
[info] 
[info] Your public directory is the folder (relative to your project directory) that
[info] will contain Hosting assets to be uploaded with firebase deploy. If you
[info] have a build process for your assets, use your build's output directory.
[info] 
[debug] [2022-11-01T15:38:42.029Z] Error: ENOTDIR: not a directory, scandir 'D:\Etude\angular projects\XO\ng-xo-game\y'
    at Object.readdirSync (node:fs:1442:3)
    at Object.createFileSync (C:\Users\Hind\AppData\Roaming\npm\node_modules\firebase-tools\node_modules\fs-extra\lib\ensure\file.js:55:10)
    at Config.writeProjectFile (C:\Users\Hind\AppData\Roaming\npm\node_modules\firebase-tools\lib\config.js:152:12)
    at C:\Users\Hind\AppData\Roaming\npm\node_modules\firebase-tools\lib\config.js:176:22
    at processTicksAndRejections (node:internal/process/task_queues:96:5)
    at async doSetup (C:\Users\Hind\AppData\Roaming\npm\node_modules\firebase-tools\lib\init\features\hosting\index.js:129:13)
    at async init (C:\Users\Hind\AppData\Roaming\npm\node_modules\firebase-tools\lib\init\index.js:36:9)
[error] 
[error] Error: An unexpected error has occurred.
[debug] [2022-11-01T15:38:48.417Z] ----------------------------------------------------------------------
[debug] [2022-11-01T15:38:48.419Z] Command:       C:\Program Files\nodejs\node.exe C:\Users\Hind\AppData\Roaming\npm\node_modules\firebase-tools\lib\bin\firebase.js init
[debug] [2022-11-01T15:38:48.419Z] CLI Version:   11.15.0
[debug] [2022-11-01T15:38:48.419Z] Platform:      win32
[debug] [2022-11-01T15:38:48.419Z] Node Version:  v16.17.1
[debug] [2022-11-01T15:38:48.420Z] Time:          Tue Nov 01 2022 16:38:48 GMT+0100 (GMT+02:00)
[debug] [2022-11-01T15:38:48.421Z] ----------------------------------------------------------------------
[debug] 
[debug] [2022-11-01T15:38:48.429Z] > command requires scopes: ["email","openid","https://www.googleapis.com/auth/cloudplatformprojects.readonly","https://www.googleapis.com/auth/firebase","https://www.googleapis.com/auth/cloud-platform"]
[debug] [2022-11-01T15:38:48.431Z] > authorizing via signed-in user (hindjanati6@gmail.com)
[info] 
     ######## #### ########  ######## ########     ###     ######  ########
     ##        ##  ##     ## ##       ##     ##  ##   ##  ##       ##
     ######    ##  ########  ######   ########  #########  ######  ######
     ##        ##  ##    ##  ##       ##     ## ##     ##       ## ##
     ##       #### ##     ## ######## ########  ##     ##  ######  ########

You're about to initialize a Firebase project in this directory:

  D:\Etude\angular projects\XO\ng-xo-game

[info] 
=== Project Setup
[info] 
[info] First, let's associate this project directory with a Firebase project.
[info] You can create multiple project aliases by running firebase use --add, 
[info] but for now we'll just set up a default project.
[info] 
[debug] [2022-11-01T15:39:01.045Z] >>> [apiv2][query] GET https://firebase.googleapis.com/v1beta1/projects pageSize=100
[debug] [2022-11-01T15:39:01.634Z] <<< [apiv2][status] GET https://firebase.googleapis.com/v1beta1/projects 200
[debug] [2022-11-01T15:39:01.634Z] <<< [apiv2][body] GET https://firebase.googleapis.com/v1beta1/projects [omitted]
[info] i  Using project ng-xo-game (ng-xo-game) 
[info] 
=== Database Setup
[info] i  database: ensuring required API firebasedatabase.googleapis.com is enabled... 
[debug] [2022-11-01T15:39:02.484Z] >>> [apiv2][query] GET https://serviceusage.googleapis.com/v1/projects/ng-xo-game/services/firebasedatabase.googleapis.com [none]
[debug] [2022-11-01T15:39:02.484Z] >>> [apiv2][(partial)header] GET https://serviceusage.googleapis.com/v1/projects/ng-xo-game/services/firebasedatabase.googleapis.com x-goog-quota-user=projects/ng-xo-game
[debug] [2022-11-01T15:39:03.450Z] <<< [apiv2][status] GET https://serviceusage.googleapis.com/v1/projects/ng-xo-game/services/firebasedatabase.googleapis.com 200
[debug] [2022-11-01T15:39:03.450Z] <<< [apiv2][body] GET https://serviceusage.googleapis.com/v1/projects/ng-xo-game/services/firebasedatabase.googleapis.com [omitted]
[info] +  database: required API firebasedatabase.googleapis.com is enabled 
[info] 
[debug] [2022-11-01T15:39:03.451Z] >>> [apiv2][query] GET https://firebase.googleapis.com/v1beta1/projects/ng-xo-game [none]
[debug] [2022-11-01T15:39:03.761Z] <<< [apiv2][status] GET https://firebase.googleapis.com/v1beta1/projects/ng-xo-game 200
[debug] [2022-11-01T15:39:03.762Z] <<< [apiv2][body] GET https://firebase.googleapis.com/v1beta1/projects/ng-xo-game {"projectId":"ng-xo-game","projectNumber":"255324476795","displayName":"ng-xo-game","name":"projects/ng-xo-game","resources":{"hostingSite":"ng-xo-game"},"state":"ACTIVE","etag":"1_f575ed26-6ff8-414a-8a7f-d46730086642"}
[debug] [2022-11-01T15:39:10.861Z] >>> [apiv2][query] POST https://firebasedatabase.googleapis.com/v1beta/projects/ng-xo-game/locations/us-central1/instances databaseId=ng-xo-game-default-rtdb&validateOnly=true
[debug] [2022-11-01T15:39:10.862Z] >>> [apiv2][body] POST https://firebasedatabase.googleapis.com/v1beta/projects/ng-xo-game/locations/us-central1/instances {"type":"default_database"}
[debug] [2022-11-01T15:39:11.571Z] <<< [apiv2][status] POST https://firebasedatabase.googleapis.com/v1beta/projects/ng-xo-game/locations/us-central1/instances 200
[debug] [2022-11-01T15:39:11.571Z] <<< [apiv2][body] POST https://firebasedatabase.googleapis.com/v1beta/projects/ng-xo-game/locations/us-central1/instances {"name":"projects/255324476795/locations/us-central1/instances/ng-xo-game-default-rtdb","project":"projects/255324476795","databaseUrl":"https://ng-xo-game-default-rtdb.firebaseio.com","type":"DEFAULT_DATABASE","state":"ACTIVE"}
[debug] [2022-11-01T15:39:11.574Z] >>> [apiv2][query] POST https://firebasedatabase.googleapis.com/v1beta/projects/ng-xo-game/locations/us-central1/instances databaseId=ng-xo-game-default-rtdb
[debug] [2022-11-01T15:39:11.574Z] >>> [apiv2][body] POST https://firebasedatabase.googleapis.com/v1beta/projects/ng-xo-game/locations/us-central1/instances {"type":"default_database"}
[debug] [2022-11-01T15:39:13.109Z] <<< [apiv2][status] POST https://firebasedatabase.googleapis.com/v1beta/projects/ng-xo-game/locations/us-central1/instances 200
[debug] [2022-11-01T15:39:13.109Z] <<< [apiv2][body] POST https://firebasedatabase.googleapis.com/v1beta/projects/ng-xo-game/locations/us-central1/instances {"name":"projects/255324476795/locations/us-central1/instances/ng-xo-game-default-rtdb","project":"projects/255324476795","databaseUrl":"https://ng-xo-game-default-rtdb.firebaseio.com","type":"DEFAULT_DATABASE","state":"ACTIVE"}
[info] 
[info] Firebase Realtime Database Security Rules allow you to define how your data should be
[info] structured and when your data can be read from and written to.
[info] 
[debug] [2022-11-01T15:39:20.346Z] >>> [apiv2][query] GET https://ng-xo-game-default-rtdb.firebaseio.com/.settings/rules.json [none]
[debug] [2022-11-01T15:39:21.435Z] <<< [apiv2][status] GET https://ng-xo-game-default-rtdb.firebaseio.com/.settings/rules.json 200
[debug] [2022-11-01T15:39:21.435Z] <<< [apiv2][body] GET https://ng-xo-game-default-rtdb.firebaseio.com/.settings/rules.json [stream]
[info] +  Database Rules for ng-xo-game-default-rtdb have been written to y. 
[info] Future modifications to y will update Realtime Database Security Rules when you run
[info] firebase deploy.
[info] 
=== Hosting Setup
[info] 
[info] Your public directory is the folder (relative to your project directory) that
[info] will contain Hosting assets to be uploaded with firebase deploy. If you
[info] have a build process for your assets, use your build's output directory.
[info] 
[debug] [2022-11-01T15:39:29.402Z] >>> [apiv2][query] GET https://www.gstatic.com/firebasejs/releases.json [none]
[debug] [2022-11-01T15:39:29.541Z] <<< [apiv2][status] GET https://www.gstatic.com/firebasejs/releases.json 200
[debug] [2022-11-01T15:39:29.541Z] <<< [apiv2][body] GET https://www.gstatic.com/firebasejs/releases.json {"current":{"version":"9.13.0","browserURL":"https://www.gstatic.com/firebasejs/9.13.0/firebase.js","packageURL":"https://www.gstatic.com/firebasejs/9.13.0/firebase.tgz"},"live":{"version":"9.13","browserURL":"https://www.gstatic.com/firebasejs/live/9.13/firebase.js","packageURL":"https://www.gstatic.com/firebasejs/live/9.13/firebase.tgz"},"components":{"analytics":"https://www.gstatic.com/firebasejs/9.13.0/firebase-analytics.js","app":"https://www.gstatic.com/firebasejs/9.13.0/firebase-app.js","app-check":"https://www.gstatic.com/firebasejs/9.13.0/firebase-app-check.js","auth":"https://www.gstatic.com/firebasejs/9.13.0/firebase-auth.js","auth/cordova":"https://www.gstatic.com/firebasejs/9.13.0/firebase-auth/cordova.js","auth/react-native":"https://www.gstatic.com/firebasejs/9.13.0/firebase-auth/react-native.js","functions":"https://www.gstatic.com/firebasejs/9.13.0/firebase-functions.js","firestore":"https://www.gstatic.com/firebasejs/9.13.0/firebase-firestore.js","firestore/lite":"https://www.gstatic.com/firebasejs/9.13.0/firebase-firestore/lite.js","installations":"https://www.gstatic.com/firebasejs/9.13.0/firebase-installations.js","storage":"https://www.gstatic.com/firebasejs/9.13.0/firebase-storage.js","performance":"https://www.gstatic.com/firebasejs/9.13.0/firebase-performance.js","remote-config":"https://www.gstatic.com/firebasejs/9.13.0/firebase-remote-config.js","messaging":"https://www.gstatic.com/firebasejs/9.13.0/firebase-messaging.js","messaging/sw":"https://www.gstatic.com/firebasejs/9.13.0/firebase-messaging/sw.js","database":"https://www.gstatic.com/firebasejs/9.13.0/firebase-database.js","firestore.memory":"https://www.gstatic.com/firebasejs/9.13.0/firebase-firestore.memory.js"}}
[debug] [2022-11-01T15:39:29.704Z] Error: ENOTDIR: not a directory, scandir 'D:\Etude\angular projects\XO\ng-xo-game\y'
    at Object.readdirSync (node:fs:1442:3)
    at Object.createFileSync (C:\Users\Hind\AppData\Roaming\npm\node_modules\firebase-tools\node_modules\fs-extra\lib\ensure\file.js:55:10)
    at Config.writeProjectFile (C:\Users\Hind\AppData\Roaming\npm\node_modules\firebase-tools\lib\config.js:152:12)
    at C:\Users\Hind\AppData\Roaming\npm\node_modules\firebase-tools\lib\config.js:176:22
    at processTicksAndRejections (node:internal/process/task_queues:96:5)
    at async doSetup (C:\Users\Hind\AppData\Roaming\npm\node_modules\firebase-tools\lib\init\features\hosting\index.js:133:9)
    at async init (C:\Users\Hind\AppData\Roaming\npm\node_modules\firebase-tools\lib\init\index.js:36:9)
[error] 
[error] Error: An unexpected error has occurred.
